<?xml version="1.0" encoding="UTF-8"?>
<!-- Generated by org.testng.reporters.JUnitReportReporter -->
<testsuite hostname="DESKTOP-1EB9D9D" failures="0" tests="2" name="testnewgen.Asrtn" time="20.131" errors="0" timestamp="2023-02-15T10:15:54 IST" skipped="0">
  <testcase classname="testnewgen.Asrtn" name="m1" time="10.766"/>
  <system-out/>
  <testcase classname="testnewgen.Asrtn" name="m2" time="9.365"/>
  <system-out/>
</testsuite> <!-- testnewgen.Asrtn -->
